pokemons/modules/brightness/android/build/intermediates/manifest_merge_blame_file/debug/processDebugManifest/manifest-merger-blame-debug-report.txt
1<?xml version="1.0" encoding="utf-8"?>
2<manifest xmlns:android="http://schemas.android.com/apk/res/android"
3    package="com.brightness" >
4
5    <uses-sdk android:minSdkVersion="26" />
6
7    <uses-permission android:name="android.permission.WRITE_SETTINGS" />
7-->src/main/AndroidManifest.xml:2:5-73
7-->src/main/AndroidManifest.xml:2:22-70
8
9</manifest>